--------- Initializing Neworks ---------
Epoch - 1 : Train Loss = 0.1891966433609236 | Val CER = 0.5799497684582459
Current val best found at epoch=1
Epoch - 2 : Train Loss = 0.09037981497026953 | Val CER = 0.36297510648278986
Current val best found at epoch=2
Epoch - 3 : Train Loss = 0.06235144035522831 | Val CER = 0.2586800798701629
Current val best found at epoch=3
Epoch - 4 : Train Loss = 0.04658412497336213 | Val CER = 0.2222193412330062
Current val best found at epoch=4
Epoch - 5 : Train Loss = 0.03610238988909653 | Val CER = 0.18294772043838636
Current val best found at epoch=5
Epoch - 6 : Train Loss = 0.02808129001229617 | Val CER = 0.1622484442777782
Current val best found at epoch=6
Epoch - 7 : Train Loss = 0.021907205357062233 | Val CER = 0.15869127770460903
Current val best found at epoch=7
Epoch - 8 : Train Loss = 0.017479206484279534 | Val CER = 0.13930878362941482
Current val best found at epoch=8
Epoch - 9 : Train Loss = 0.01380573023129932 | Val CER = 0.14230497439520026
Epoch - 10 : Train Loss = 0.010891759281979468 | Val CER = 0.13100465465716749
Current val best found at epoch=10
Epoch - 11 : Train Loss = 0.00894603479567913 | Val CER = 0.12993027142851382
Current val best found at epoch=11
Epoch - 12 : Train Loss = 0.007469363583043862 | Val CER = 0.1278591823395587
Current val best found at epoch=12
Epoch - 13 : Train Loss = 0.0063574832650943195 | Val CER = 0.1284284427535975
Epoch - 14 : Train Loss = 0.005655484441709681 | Val CER = 0.12614120218725333
Current val best found at epoch=14
Epoch - 15 : Train Loss = 0.0049938680886260555 | Val CER = 0.1246824718034558
Current val best found at epoch=15
Epoch - 16 : Train Loss = 0.004499137074165564 | Val CER = 0.12323027344370846
Current val best found at epoch=16
Epoch - 17 : Train Loss = 0.004329409082653274 | Val CER = 0.12143838204387357
Current val best found at epoch=17
Epoch - 18 : Train Loss = 0.003543089289889226 | Val CER = 0.12775898227140534
Epoch - 19 : Train Loss = 0.0035667123959942817 | Val CER = 0.11533964104082679
Current val best found at epoch=19
Epoch - 20 : Train Loss = 0.0032962155807226105 | Val CER = 0.12093483903489974
--------- Done Training ---------
CER on Test Set = 0.11776821793060427
