--------- Using BERT-Mini ---------
--------- Initializing Neworks ---------
Epoch - 1 : Train CE Loss = 0.6963760913946689 | Val Accuracy = 0.4620938628158845
Current val best found at epoch=1
Epoch - 2 : Train CE Loss = 0.6879082306837424 | Val Accuracy = 0.5054151624548736
Current val best found at epoch=2
Epoch - 3 : Train CE Loss = 0.687255092156239 | Val Accuracy = 0.5018050541516246
Epoch - 4 : Train CE Loss = 0.6853260749425644 | Val Accuracy = 0.5090252707581228
Current val best found at epoch=4
Epoch - 5 : Train CE Loss = 0.682443177088713 | Val Accuracy = 0.5342960288808665
Current val best found at epoch=5
Epoch - 6 : Train CE Loss = 0.6846553331766373 | Val Accuracy = 0.5234657039711191
Epoch - 7 : Train CE Loss = 0.6838479943764515 | Val Accuracy = 0.5270758122743683
Epoch - 8 : Train CE Loss = 0.6821112128404471 | Val Accuracy = 0.5306859205776173
Epoch - 9 : Train CE Loss = 0.6808063754668603 | Val Accuracy = 0.5415162454873647
Current val best found at epoch=9
Epoch - 10 : Train CE Loss = 0.6808483264385126 | Val Accuracy = 0.5667870036101083
Current val best found at epoch=10
--------- Done Training ---------
Best Accuracy on Test Set = 0.5667870036101083
Run on Hidden Set
Done
