--------- Using BERT-Tiny ---------
--------- Initializing Neworks ---------
Epoch - 1 : Train CE Loss = 0.7822920038149908 | Val Accuracy = 0.5234657039711191
Current val best found at epoch=1
Epoch - 2 : Train CE Loss = 0.7809049853911767 | Val Accuracy = 0.5234657039711191
Current val best found at epoch=2
Epoch - 3 : Train CE Loss = 0.777646018908574 | Val Accuracy = 0.5234657039711191
Current val best found at epoch=3
Epoch - 4 : Train CE Loss = 0.7771198871808175 | Val Accuracy = 0.5234657039711191
Current val best found at epoch=4
Epoch - 5 : Train CE Loss = 0.7802291879287133 | Val Accuracy = 0.5234657039711191
Current val best found at epoch=5
Epoch - 6 : Train CE Loss = 0.7782210401999645 | Val Accuracy = 0.5234657039711191
Current val best found at epoch=6
Epoch - 7 : Train CE Loss = 0.773616706713652 | Val Accuracy = 0.5234657039711191
Current val best found at epoch=7
Epoch - 8 : Train CE Loss = 0.7774312389202607 | Val Accuracy = 0.5234657039711191
Current val best found at epoch=8
Epoch - 9 : Train CE Loss = 0.7768037059368231 | Val Accuracy = 0.5234657039711191
Current val best found at epoch=9
Epoch - 10 : Train CE Loss = 0.7774407603801825 | Val Accuracy = 0.5234657039711191
Current val best found at epoch=10
--------- Done Training ---------
Best Accuracy on Test Set = 0.5234657039711191
Run on Hidden Set
Done
