--------- Using BERT-Mini ---------
--------- Initializing Neworks ---------
Epoch - 1 : Train CE Loss = 0.6890648282491244 | Val Accuracy = 0.5415162454873647
Current val best found at epoch=1
Epoch - 2 : Train CE Loss = 0.6716161828774673 | Val Accuracy = 0.5884476534296029
Current val best found at epoch=2
Epoch - 3 : Train CE Loss = 0.6569503851425953 | Val Accuracy = 0.5848375451263538
Epoch - 4 : Train CE Loss = 0.6345599171442863 | Val Accuracy = 0.5956678700361011
Current val best found at epoch=4
Epoch - 5 : Train CE Loss = 0.6090223544683212 | Val Accuracy = 0.6209386281588448
Current val best found at epoch=5
Epoch - 6 : Train CE Loss = 0.5922179390222598 | Val Accuracy = 0.631768953068592
Current val best found at epoch=6
Epoch - 7 : Train CE Loss = 0.5718391445966867 | Val Accuracy = 0.631768953068592
Current val best found at epoch=7
Epoch - 8 : Train CE Loss = 0.5429703791936239 | Val Accuracy = 0.6353790613718412
Current val best found at epoch=8
Epoch - 9 : Train CE Loss = 0.5201153350182068 | Val Accuracy = 0.631768953068592
Epoch - 10 : Train CE Loss = 0.5025283006521372 | Val Accuracy = 0.6245487364620939
--------- Done Training ---------
Best Accuracy on Test Set = 0.6353790613718412
Run on Hidden Set
Done
