--------- Initializing Neworks ---------
Epoch - 1 : Train CE Loss = 0.6996461038195759 | Val Accuracy = 0.5114678899082569
Current val best found at epoch=1
Epoch - 2 : Train CE Loss = 0.7002492864197547 | Val Accuracy = 0.5137614678899083
Current val best found at epoch=2
Epoch - 3 : Train CE Loss = 0.6972596601608696 | Val Accuracy = 0.5137614678899083
Current val best found at epoch=3
Epoch - 4 : Train CE Loss = 0.6945440233300585 | Val Accuracy = 0.518348623853211
Current val best found at epoch=4
Epoch - 5 : Train CE Loss = 0.694176205254476 | Val Accuracy = 0.5194954128440367
Current val best found at epoch=5
Epoch - 6 : Train CE Loss = 0.6931902618583189 | Val Accuracy = 0.5217889908256881
Current val best found at epoch=6
Epoch - 7 : Train CE Loss = 0.6923617764350471 | Val Accuracy = 0.5263761467889908
Current val best found at epoch=7
Epoch - 8 : Train CE Loss = 0.6915869291769255 | Val Accuracy = 0.5321100917431193
Current val best found at epoch=8
Epoch - 9 : Train CE Loss = 0.6892561611779239 | Val Accuracy = 0.533256880733945
Current val best found at epoch=9
Epoch - 10 : Train CE Loss = 0.688708877344744 | Val Accuracy = 0.5355504587155964
Current val best found at epoch=10
--------- Done Training ---------
Best Accuracy on Test Set = 0.5222405271828665
Run on Hidden Set
Done
