--------- Initializing Neworks ---------
Epoch - 1 : Train CE Loss = 0.6923353147069249 | Val Accuracy = 0.5458715596330275
Current val best found at epoch=1
Epoch - 2 : Train CE Loss = 0.6872883854656044 | Val Accuracy = 0.5756880733944955
Current val best found at epoch=2
Epoch - 3 : Train CE Loss = 0.6843738047354812 | Val Accuracy = 0.6009174311926605
Current val best found at epoch=3
Epoch - 4 : Train CE Loss = 0.682441641431336 | Val Accuracy = 0.6032110091743119
Current val best found at epoch=4
Epoch - 5 : Train CE Loss = 0.6819995155028247 | Val Accuracy = 0.6055045871559633
Current val best found at epoch=5
Epoch - 6 : Train CE Loss = 0.6817741700268667 | Val Accuracy = 0.6135321100917431
Current val best found at epoch=6
Epoch - 7 : Train CE Loss = 0.6806725739339076 | Val Accuracy = 0.6169724770642202
Current val best found at epoch=7
Epoch - 8 : Train CE Loss = 0.6809334262795405 | Val Accuracy = 0.6181192660550459
Current val best found at epoch=8
Epoch - 9 : Train CE Loss = 0.6780082102215618 | Val Accuracy = 0.6169724770642202
Epoch - 10 : Train CE Loss = 0.6778320992758514 | Val Accuracy = 0.6204128440366973
Current val best found at epoch=10
--------- Done Training ---------
Best Accuracy on Test Set = 0.6144975288303131
Run on Hidden Set
Done
