--------- Initializing Neworks ---------
Epoch - 1 : Train CE Loss = 0.6436656664270873 | Val Accuracy = 0.7465596330275229
Current val best found at epoch=1
Epoch - 2 : Train CE Loss = 0.5536935876268859 | Val Accuracy = 0.7786697247706422
Current val best found at epoch=2
Epoch - 3 : Train CE Loss = 0.47722222129686165 | Val Accuracy = 0.7798165137614679
Current val best found at epoch=3
Epoch - 4 : Train CE Loss = 0.43229625722683895 | Val Accuracy = 0.7970183486238532
Current val best found at epoch=4
Epoch - 5 : Train CE Loss = 0.40182216342436067 | Val Accuracy = 0.8073394495412844
Current val best found at epoch=5
Epoch - 6 : Train CE Loss = 0.37164770832302374 | Val Accuracy = 0.8142201834862385
Current val best found at epoch=6
Epoch - 7 : Train CE Loss = 0.3483911882573312 | Val Accuracy = 0.8119266055045872
Epoch - 8 : Train CE Loss = 0.32916055852120074 | Val Accuracy = 0.8176605504587156
Current val best found at epoch=8
Epoch - 9 : Train CE Loss = 0.30257255464382127 | Val Accuracy = 0.823394495412844
Current val best found at epoch=9
Epoch - 10 : Train CE Loss = 0.2907122245075506 | Val Accuracy = 0.8211009174311926
--------- Done Training ---------
Best Accuracy on Test Set = 0.8369028006589786
Run on Hidden Set
Done
